[2019-12-27 05:11:22,936: INFO/MainProcess] Connected to redis://redis:6379/0
[2019-12-27 05:11:22,944: INFO/MainProcess] mingle: searching for neighbors
[2019-12-27 05:11:23,958: INFO/MainProcess] mingle: all alone
[2019-12-27 05:11:23,974: WARNING/MainProcess] /usr/local/lib/python3.6/site-packages/celery/fixups/django.py:200: UserWarning: Using settings.DEBUG leads to a memory leak, never use this setting in production environments!
  warnings.warn('Using settings.DEBUG leads to a memory leak, never '
[2019-12-27 05:11:23,974: INFO/MainProcess] celery@b2d7f0a15456 ready.
[2019-12-28 02:41:39,449: INFO/MainProcess] Connected to redis://redis:6379/0
[2019-12-28 02:41:39,456: INFO/MainProcess] mingle: searching for neighbors
[2019-12-28 02:41:40,474: INFO/MainProcess] mingle: all alone
[2019-12-28 02:41:40,482: WARNING/MainProcess] /usr/local/lib/python3.6/site-packages/celery/fixups/django.py:200: UserWarning: Using settings.DEBUG leads to a memory leak, never use this setting in production environments!
  warnings.warn('Using settings.DEBUG leads to a memory leak, never '
[2019-12-28 02:41:40,483: INFO/MainProcess] celery@f79e64e11b5f ready.
[2019-12-28 04:45:59,306: INFO/MainProcess] Connected to redis://redis:6379/0
[2019-12-28 04:45:59,314: INFO/MainProcess] mingle: searching for neighbors
[2019-12-28 04:46:00,328: INFO/MainProcess] mingle: all alone
[2019-12-28 04:46:00,335: WARNING/MainProcess] /usr/local/lib/python3.6/site-packages/celery/fixups/django.py:200: UserWarning: Using settings.DEBUG leads to a memory leak, never use this setting in production environments!
  warnings.warn('Using settings.DEBUG leads to a memory leak, never '
[2019-12-28 04:46:00,335: INFO/MainProcess] celery@a1084d24a16a ready.
[2019-12-28 05:03:22,705: INFO/MainProcess] Connected to redis://redis:6379/0
[2019-12-28 05:03:22,712: INFO/MainProcess] mingle: searching for neighbors
[2019-12-28 05:03:23,728: INFO/MainProcess] mingle: all alone
[2019-12-28 05:03:23,735: WARNING/MainProcess] /usr/local/lib/python3.6/site-packages/celery/fixups/django.py:200: UserWarning: Using settings.DEBUG leads to a memory leak, never use this setting in production environments!
  warnings.warn('Using settings.DEBUG leads to a memory leak, never '
[2019-12-28 05:03:23,735: INFO/MainProcess] celery@32d020704256 ready.
[2019-12-28 07:04:36,521: INFO/MainProcess] Connected to redis://redis:6379/0
[2019-12-28 07:04:36,532: INFO/MainProcess] mingle: searching for neighbors
[2019-12-28 07:04:37,553: INFO/MainProcess] mingle: all alone
[2019-12-28 07:04:37,562: WARNING/MainProcess] /usr/local/lib/python3.6/site-packages/celery/fixups/django.py:200: UserWarning: Using settings.DEBUG leads to a memory leak, never use this setting in production environments!
  warnings.warn('Using settings.DEBUG leads to a memory leak, never '
[2019-12-28 07:04:37,562: INFO/MainProcess] celery@ed5c01ff91a3 ready.
